Trying to acess CSV file in /home/jaimel/GoogleDrive/Doutorado/experimentos/Classificacao_Multilabel_Documentos_Cientificos/multilabel_code/dataset/kaggle_dataset.csv
Preprocessing 10 documents
Processing binary matrix for term size 3
Saving /home/jaimel/GoogleDrive/Doutorado/experimentos/Classificacao_Multilabel_Documentos_Cientificos/multilabel_code/dataset/binaries/3.json
Processing binary matrix for term size 4
Saving /home/jaimel/GoogleDrive/Doutorado/experimentos/Classificacao_Multilabel_Documentos_Cientificos/multilabel_code/dataset/binaries/4.json
Processing binary matrix for term size 5
Saving /home/jaimel/GoogleDrive/Doutorado/experimentos/Classificacao_Multilabel_Documentos_Cientificos/multilabel_code/dataset/binaries/5.json
Processing binary matrix for term size 6
Saving /home/jaimel/GoogleDrive/Doutorado/experimentos/Classificacao_Multilabel_Documentos_Cientificos/multilabel_code/dataset/binaries/6.json
Processing binary matrix for term size 7
Saving /home/jaimel/GoogleDrive/Doutorado/experimentos/Classificacao_Multilabel_Documentos_Cientificos/multilabel_code/dataset/binaries/7.json
Processing binary matrix for term size 8
Saving /home/jaimel/GoogleDrive/Doutorado/experimentos/Classificacao_Multilabel_Documentos_Cientificos/multilabel_code/dataset/binaries/8.json
Processing binary matrix for term size 9
Saving /home/jaimel/GoogleDrive/Doutorado/experimentos/Classificacao_Multilabel_Documentos_Cientificos/multilabel_code/dataset/binaries/9.json
Processing binary matrix for term size 10
Saving /home/jaimel/GoogleDrive/Doutorado/experimentos/Classificacao_Multilabel_Documentos_Cientificos/multilabel_code/dataset/binaries/10.json
Processing binary matrix for term size 11
Saving /home/jaimel/GoogleDrive/Doutorado/experimentos/Classificacao_Multilabel_Documentos_Cientificos/multilabel_code/dataset/binaries/11.json
Processing binary matrix for term size 12
Saving /home/jaimel/GoogleDrive/Doutorado/experimentos/Classificacao_Multilabel_Documentos_Cientificos/multilabel_code/dataset/binaries/12.json
Processing binary matrix for term size 13
Saving /home/jaimel/GoogleDrive/Doutorado/experimentos/Classificacao_Multilabel_Documentos_Cientificos/multilabel_code/dataset/binaries/13.json
Processing binary matrix for term size 14
Saving /home/jaimel/GoogleDrive/Doutorado/experimentos/Classificacao_Multilabel_Documentos_Cientificos/multilabel_code/dataset/binaries/14.json
Processing binary matrix for term size 15
Saving /home/jaimel/GoogleDrive/Doutorado/experimentos/Classificacao_Multilabel_Documentos_Cientificos/multilabel_code/dataset/binaries/15.json
Processing binary matrix for term size 16
Saving /home/jaimel/GoogleDrive/Doutorado/experimentos/Classificacao_Multilabel_Documentos_Cientificos/multilabel_code/dataset/binaries/16.json
Processing binary matrix for term size 17
Saving /home/jaimel/GoogleDrive/Doutorado/experimentos/Classificacao_Multilabel_Documentos_Cientificos/multilabel_code/dataset/binaries/17.json
Processing binary matrix for term size 18
Saving /home/jaimel/GoogleDrive/Doutorado/experimentos/Classificacao_Multilabel_Documentos_Cientificos/multilabel_code/dataset/binaries/18.json
Processing binary matrix for term size 19
Saving /home/jaimel/GoogleDrive/Doutorado/experimentos/Classificacao_Multilabel_Documentos_Cientificos/multilabel_code/dataset/binaries/19.json
Processing binary matrix for term size 20
Saving /home/jaimel/GoogleDrive/Doutorado/experimentos/Classificacao_Multilabel_Documentos_Cientificos/multilabel_code/dataset/binaries/20.json
Processing binary matrix for term size 21
Saving /home/jaimel/GoogleDrive/Doutorado/experimentos/Classificacao_Multilabel_Documentos_Cientificos/multilabel_code/dataset/binaries/21.json
Processing binary matrix for term size 22
Saving /home/jaimel/GoogleDrive/Doutorado/experimentos/Classificacao_Multilabel_Documentos_Cientificos/multilabel_code/dataset/binaries/22.json
Processing binary matrix for term size 23
Saving /home/jaimel/GoogleDrive/Doutorado/experimentos/Classificacao_Multilabel_Documentos_Cientificos/multilabel_code/dataset/binaries/23.json
Processing binary matrix for term size 24
Saving /home/jaimel/GoogleDrive/Doutorado/experimentos/Classificacao_Multilabel_Documentos_Cientificos/multilabel_code/dataset/binaries/24.json
Processing binary matrix for term size 25
Saving /home/jaimel/GoogleDrive/Doutorado/experimentos/Classificacao_Multilabel_Documentos_Cientificos/multilabel_code/dataset/binaries/25.json
Processing binary matrix for term size 26
Saving /home/jaimel/GoogleDrive/Doutorado/experimentos/Classificacao_Multilabel_Documentos_Cientificos/multilabel_code/dataset/binaries/26.json
Processing binary matrix for term size 27
Saving /home/jaimel/GoogleDrive/Doutorado/experimentos/Classificacao_Multilabel_Documentos_Cientificos/multilabel_code/dataset/binaries/27.json
Processing binary matrix for term size 28
Saving /home/jaimel/GoogleDrive/Doutorado/experimentos/Classificacao_Multilabel_Documentos_Cientificos/multilabel_code/dataset/binaries/28.json
Processing binary matrix for term size 29
Saving /home/jaimel/GoogleDrive/Doutorado/experimentos/Classificacao_Multilabel_Documentos_Cientificos/multilabel_code/dataset/binaries/29.json
Processing binary matrix for term size 30
Saving /home/jaimel/GoogleDrive/Doutorado/experimentos/Classificacao_Multilabel_Documentos_Cientificos/multilabel_code/dataset/binaries/30.json
Processing binary matrix for term size 31
Saving /home/jaimel/GoogleDrive/Doutorado/experimentos/Classificacao_Multilabel_Documentos_Cientificos/multilabel_code/dataset/binaries/31.json
Processing binary matrix for term size 32
Saving /home/jaimel/GoogleDrive/Doutorado/experimentos/Classificacao_Multilabel_Documentos_Cientificos/multilabel_code/dataset/binaries/32.json
Processing binary matrix for term size 33
Saving /home/jaimel/GoogleDrive/Doutorado/experimentos/Classificacao_Multilabel_Documentos_Cientificos/multilabel_code/dataset/binaries/33.json
Processing binary matrix for term size 34
Saving /home/jaimel/GoogleDrive/Doutorado/experimentos/Classificacao_Multilabel_Documentos_Cientificos/multilabel_code/dataset/binaries/34.json
Processing binary matrix for term size 35
Saving /home/jaimel/GoogleDrive/Doutorado/experimentos/Classificacao_Multilabel_Documentos_Cientificos/multilabel_code/dataset/binaries/35.json
Processing binary matrix for term size 36
Saving /home/jaimel/GoogleDrive/Doutorado/experimentos/Classificacao_Multilabel_Documentos_Cientificos/multilabel_code/dataset/binaries/36.json
Processing binary matrix for term size 37
Saving /home/jaimel/GoogleDrive/Doutorado/experimentos/Classificacao_Multilabel_Documentos_Cientificos/multilabel_code/dataset/binaries/37.json
Processing binary matrix for term size 38
Saving /home/jaimel/GoogleDrive/Doutorado/experimentos/Classificacao_Multilabel_Documentos_Cientificos/multilabel_code/dataset/binaries/38.json
Processing binary matrix for term size 39
Saving /home/jaimel/GoogleDrive/Doutorado/experimentos/Classificacao_Multilabel_Documentos_Cientificos/multilabel_code/dataset/binaries/39.json
Processing binary matrix for term size 40
Saving /home/jaimel/GoogleDrive/Doutorado/experimentos/Classificacao_Multilabel_Documentos_Cientificos/multilabel_code/dataset/binaries/40.json
Processing binary matrix for term size 41
Saving /home/jaimel/GoogleDrive/Doutorado/experimentos/Classificacao_Multilabel_Documentos_Cientificos/multilabel_code/dataset/binaries/41.json
Processing binary matrix for term size 42
Saving /home/jaimel/GoogleDrive/Doutorado/experimentos/Classificacao_Multilabel_Documentos_Cientificos/multilabel_code/dataset/binaries/42.json
Processing binary matrix for term size 43
Saving /home/jaimel/GoogleDrive/Doutorado/experimentos/Classificacao_Multilabel_Documentos_Cientificos/multilabel_code/dataset/binaries/43.json
Processing binary matrix for term size 44
Saving /home/jaimel/GoogleDrive/Doutorado/experimentos/Classificacao_Multilabel_Documentos_Cientificos/multilabel_code/dataset/binaries/44.json
Processing binary matrix for term size 45
Saving /home/jaimel/GoogleDrive/Doutorado/experimentos/Classificacao_Multilabel_Documentos_Cientificos/multilabel_code/dataset/binaries/45.json
Processing binary matrix for term size 46
Saving /home/jaimel/GoogleDrive/Doutorado/experimentos/Classificacao_Multilabel_Documentos_Cientificos/multilabel_code/dataset/binaries/46.json
Processing binary matrix for term size 47
Saving /home/jaimel/GoogleDrive/Doutorado/experimentos/Classificacao_Multilabel_Documentos_Cientificos/multilabel_code/dataset/binaries/47.json
Processing binary matrix for term size 48
Saving /home/jaimel/GoogleDrive/Doutorado/experimentos/Classificacao_Multilabel_Documentos_Cientificos/multilabel_code/dataset/binaries/48.json
Processing binary matrix for term size 49
Saving /home/jaimel/GoogleDrive/Doutorado/experimentos/Classificacao_Multilabel_Documentos_Cientificos/multilabel_code/dataset/binaries/49.json
Processing binary matrix for term size 50
Saving /home/jaimel/GoogleDrive/Doutorado/experimentos/Classificacao_Multilabel_Documentos_Cientificos/multilabel_code/dataset/binaries/50.json
Processing binary matrix for term size 51
Saving /home/jaimel/GoogleDrive/Doutorado/experimentos/Classificacao_Multilabel_Documentos_Cientificos/multilabel_code/dataset/binaries/51.json
Processing binary matrix for term size 52
Saving /home/jaimel/GoogleDrive/Doutorado/experimentos/Classificacao_Multilabel_Documentos_Cientificos/multilabel_code/dataset/binaries/52.json
Processing binary matrix for term size 53
Saving /home/jaimel/GoogleDrive/Doutorado/experimentos/Classificacao_Multilabel_Documentos_Cientificos/multilabel_code/dataset/binaries/53.json
Processing binary matrix for term size 54
Saving /home/jaimel/GoogleDrive/Doutorado/experimentos/Classificacao_Multilabel_Documentos_Cientificos/multilabel_code/dataset/binaries/54.json
Processing binary matrix for term size 55
Saving /home/jaimel/GoogleDrive/Doutorado/experimentos/Classificacao_Multilabel_Documentos_Cientificos/multilabel_code/dataset/binaries/55.json
Processing binary matrix for term size 56
Saving /home/jaimel/GoogleDrive/Doutorado/experimentos/Classificacao_Multilabel_Documentos_Cientificos/multilabel_code/dataset/binaries/56.json
Processing binary matrix for term size 57
Saving /home/jaimel/GoogleDrive/Doutorado/experimentos/Classificacao_Multilabel_Documentos_Cientificos/multilabel_code/dataset/binaries/57.json
Processing binary matrix for term size 58
Saving /home/jaimel/GoogleDrive/Doutorado/experimentos/Classificacao_Multilabel_Documentos_Cientificos/multilabel_code/dataset/binaries/58.json
Processing binary matrix for term size 59
Saving /home/jaimel/GoogleDrive/Doutorado/experimentos/Classificacao_Multilabel_Documentos_Cientificos/multilabel_code/dataset/binaries/59.json
Processing binary matrix for term size 60
Saving /home/jaimel/GoogleDrive/Doutorado/experimentos/Classificacao_Multilabel_Documentos_Cientificos/multilabel_code/dataset/binaries/60.json
Processing binary matrix for term size 61
Saving /home/jaimel/GoogleDrive/Doutorado/experimentos/Classificacao_Multilabel_Documentos_Cientificos/multilabel_code/dataset/binaries/61.json
Processing binary matrix for term size 62
Saving /home/jaimel/GoogleDrive/Doutorado/experimentos/Classificacao_Multilabel_Documentos_Cientificos/multilabel_code/dataset/binaries/62.json
Processing binary matrix for term size 63
Saving /home/jaimel/GoogleDrive/Doutorado/experimentos/Classificacao_Multilabel_Documentos_Cientificos/multilabel_code/dataset/binaries/63.json
Processing binary matrix for term size 64
Saving /home/jaimel/GoogleDrive/Doutorado/experimentos/Classificacao_Multilabel_Documentos_Cientificos/multilabel_code/dataset/binaries/64.json
Trying to acess CSV file in /home/jaimel/GoogleDrive/Doutorado/experimentos/Classificacao_Multilabel_Documentos_Cientificos/multilabel_code/dataset/kaggle_dataset.csv
Preprocessing 10 documents
Processing binary matrix for term size 3
Saving /home/jaimel/GoogleDrive/Doutorado/experimentos/Classificacao_Multilabel_Documentos_Cientificos/multilabel_code/dataset/binaries/3.json
Processing binary matrix for term size 4
Saving /home/jaimel/GoogleDrive/Doutorado/experimentos/Classificacao_Multilabel_Documentos_Cientificos/multilabel_code/dataset/binaries/4.json
Processing binary matrix for term size 5
Saving /home/jaimel/GoogleDrive/Doutorado/experimentos/Classificacao_Multilabel_Documentos_Cientificos/multilabel_code/dataset/binaries/5.json
Processing binary matrix for term size 6
Saving /home/jaimel/GoogleDrive/Doutorado/experimentos/Classificacao_Multilabel_Documentos_Cientificos/multilabel_code/dataset/binaries/6.json
Processing binary matrix for term size 7
Saving /home/jaimel/GoogleDrive/Doutorado/experimentos/Classificacao_Multilabel_Documentos_Cientificos/multilabel_code/dataset/binaries/7.json
Processing binary matrix for term size 8
Saving /home/jaimel/GoogleDrive/Doutorado/experimentos/Classificacao_Multilabel_Documentos_Cientificos/multilabel_code/dataset/binaries/8.json
Processing binary matrix for term size 9
Saving /home/jaimel/GoogleDrive/Doutorado/experimentos/Classificacao_Multilabel_Documentos_Cientificos/multilabel_code/dataset/binaries/9.json
Processing binary matrix for term size 10
Saving /home/jaimel/GoogleDrive/Doutorado/experimentos/Classificacao_Multilabel_Documentos_Cientificos/multilabel_code/dataset/binaries/10.json
Processing binary matrix for term size 11
Saving /home/jaimel/GoogleDrive/Doutorado/experimentos/Classificacao_Multilabel_Documentos_Cientificos/multilabel_code/dataset/binaries/11.json
Processing binary matrix for term size 12
Saving /home/jaimel/GoogleDrive/Doutorado/experimentos/Classificacao_Multilabel_Documentos_Cientificos/multilabel_code/dataset/binaries/12.json
Processing binary matrix for term size 13
Saving /home/jaimel/GoogleDrive/Doutorado/experimentos/Classificacao_Multilabel_Documentos_Cientificos/multilabel_code/dataset/binaries/13.json
Processing binary matrix for term size 14
Saving /home/jaimel/GoogleDrive/Doutorado/experimentos/Classificacao_Multilabel_Documentos_Cientificos/multilabel_code/dataset/binaries/14.json
Processing binary matrix for term size 15
Saving /home/jaimel/GoogleDrive/Doutorado/experimentos/Classificacao_Multilabel_Documentos_Cientificos/multilabel_code/dataset/binaries/15.json
Processing binary matrix for term size 16
Saving /home/jaimel/GoogleDrive/Doutorado/experimentos/Classificacao_Multilabel_Documentos_Cientificos/multilabel_code/dataset/binaries/16.json
Processing binary matrix for term size 17
Saving /home/jaimel/GoogleDrive/Doutorado/experimentos/Classificacao_Multilabel_Documentos_Cientificos/multilabel_code/dataset/binaries/17.json
Processing binary matrix for term size 18
Saving /home/jaimel/GoogleDrive/Doutorado/experimentos/Classificacao_Multilabel_Documentos_Cientificos/multilabel_code/dataset/binaries/18.json
Processing binary matrix for term size 19
Saving /home/jaimel/GoogleDrive/Doutorado/experimentos/Classificacao_Multilabel_Documentos_Cientificos/multilabel_code/dataset/binaries/19.json
Processing binary matrix for term size 20
Saving /home/jaimel/GoogleDrive/Doutorado/experimentos/Classificacao_Multilabel_Documentos_Cientificos/multilabel_code/dataset/binaries/20.json
Processing binary matrix for term size 21
Saving /home/jaimel/GoogleDrive/Doutorado/experimentos/Classificacao_Multilabel_Documentos_Cientificos/multilabel_code/dataset/binaries/21.json
Processing binary matrix for term size 22
Saving /home/jaimel/GoogleDrive/Doutorado/experimentos/Classificacao_Multilabel_Documentos_Cientificos/multilabel_code/dataset/binaries/22.json
Processing binary matrix for term size 23
Saving /home/jaimel/GoogleDrive/Doutorado/experimentos/Classificacao_Multilabel_Documentos_Cientificos/multilabel_code/dataset/binaries/23.json
Processing binary matrix for term size 24
Saving /home/jaimel/GoogleDrive/Doutorado/experimentos/Classificacao_Multilabel_Documentos_Cientificos/multilabel_code/dataset/binaries/24.json
Processing binary matrix for term size 25
Saving /home/jaimel/GoogleDrive/Doutorado/experimentos/Classificacao_Multilabel_Documentos_Cientificos/multilabel_code/dataset/binaries/25.json
Processing binary matrix for term size 26
Saving /home/jaimel/GoogleDrive/Doutorado/experimentos/Classificacao_Multilabel_Documentos_Cientificos/multilabel_code/dataset/binaries/26.json
Processing binary matrix for term size 27
Saving /home/jaimel/GoogleDrive/Doutorado/experimentos/Classificacao_Multilabel_Documentos_Cientificos/multilabel_code/dataset/binaries/27.json
Processing binary matrix for term size 28
Saving /home/jaimel/GoogleDrive/Doutorado/experimentos/Classificacao_Multilabel_Documentos_Cientificos/multilabel_code/dataset/binaries/28.json
Processing binary matrix for term size 29
Saving /home/jaimel/GoogleDrive/Doutorado/experimentos/Classificacao_Multilabel_Documentos_Cientificos/multilabel_code/dataset/binaries/29.json
Processing binary matrix for term size 30
Saving /home/jaimel/GoogleDrive/Doutorado/experimentos/Classificacao_Multilabel_Documentos_Cientificos/multilabel_code/dataset/binaries/30.json
Processing binary matrix for term size 31
Saving /home/jaimel/GoogleDrive/Doutorado/experimentos/Classificacao_Multilabel_Documentos_Cientificos/multilabel_code/dataset/binaries/31.json
Processing binary matrix for term size 32
Saving /home/jaimel/GoogleDrive/Doutorado/experimentos/Classificacao_Multilabel_Documentos_Cientificos/multilabel_code/dataset/binaries/32.json
Processing binary matrix for term size 33
Saving /home/jaimel/GoogleDrive/Doutorado/experimentos/Classificacao_Multilabel_Documentos_Cientificos/multilabel_code/dataset/binaries/33.json
Processing binary matrix for term size 34
Saving /home/jaimel/GoogleDrive/Doutorado/experimentos/Classificacao_Multilabel_Documentos_Cientificos/multilabel_code/dataset/binaries/34.json
Processing binary matrix for term size 35
Saving /home/jaimel/GoogleDrive/Doutorado/experimentos/Classificacao_Multilabel_Documentos_Cientificos/multilabel_code/dataset/binaries/35.json
Processing binary matrix for term size 36
Saving /home/jaimel/GoogleDrive/Doutorado/experimentos/Classificacao_Multilabel_Documentos_Cientificos/multilabel_code/dataset/binaries/36.json
Processing binary matrix for term size 37
Saving /home/jaimel/GoogleDrive/Doutorado/experimentos/Classificacao_Multilabel_Documentos_Cientificos/multilabel_code/dataset/binaries/37.json
Processing binary matrix for term size 38
Saving /home/jaimel/GoogleDrive/Doutorado/experimentos/Classificacao_Multilabel_Documentos_Cientificos/multilabel_code/dataset/binaries/38.json
Processing binary matrix for term size 39
Saving /home/jaimel/GoogleDrive/Doutorado/experimentos/Classificacao_Multilabel_Documentos_Cientificos/multilabel_code/dataset/binaries/39.json
Processing binary matrix for term size 40
Saving /home/jaimel/GoogleDrive/Doutorado/experimentos/Classificacao_Multilabel_Documentos_Cientificos/multilabel_code/dataset/binaries/40.json
Processing binary matrix for term size 41
Saving /home/jaimel/GoogleDrive/Doutorado/experimentos/Classificacao_Multilabel_Documentos_Cientificos/multilabel_code/dataset/binaries/41.json
Processing binary matrix for term size 42
Saving /home/jaimel/GoogleDrive/Doutorado/experimentos/Classificacao_Multilabel_Documentos_Cientificos/multilabel_code/dataset/binaries/42.json
Processing binary matrix for term size 43
Saving /home/jaimel/GoogleDrive/Doutorado/experimentos/Classificacao_Multilabel_Documentos_Cientificos/multilabel_code/dataset/binaries/43.json
Processing binary matrix for term size 44
Saving /home/jaimel/GoogleDrive/Doutorado/experimentos/Classificacao_Multilabel_Documentos_Cientificos/multilabel_code/dataset/binaries/44.json
Processing binary matrix for term size 45
Saving /home/jaimel/GoogleDrive/Doutorado/experimentos/Classificacao_Multilabel_Documentos_Cientificos/multilabel_code/dataset/binaries/45.json
Processing binary matrix for term size 46
Saving /home/jaimel/GoogleDrive/Doutorado/experimentos/Classificacao_Multilabel_Documentos_Cientificos/multilabel_code/dataset/binaries/46.json
Processing binary matrix for term size 47
Saving /home/jaimel/GoogleDrive/Doutorado/experimentos/Classificacao_Multilabel_Documentos_Cientificos/multilabel_code/dataset/binaries/47.json
Processing binary matrix for term size 48
Saving /home/jaimel/GoogleDrive/Doutorado/experimentos/Classificacao_Multilabel_Documentos_Cientificos/multilabel_code/dataset/binaries/48.json
Processing binary matrix for term size 49
Saving /home/jaimel/GoogleDrive/Doutorado/experimentos/Classificacao_Multilabel_Documentos_Cientificos/multilabel_code/dataset/binaries/49.json
Processing binary matrix for term size 50
Saving /home/jaimel/GoogleDrive/Doutorado/experimentos/Classificacao_Multilabel_Documentos_Cientificos/multilabel_code/dataset/binaries/50.json
Processing binary matrix for term size 51
Saving /home/jaimel/GoogleDrive/Doutorado/experimentos/Classificacao_Multilabel_Documentos_Cientificos/multilabel_code/dataset/binaries/51.json
Processing binary matrix for term size 52
Saving /home/jaimel/GoogleDrive/Doutorado/experimentos/Classificacao_Multilabel_Documentos_Cientificos/multilabel_code/dataset/binaries/52.json
Processing binary matrix for term size 53
Saving /home/jaimel/GoogleDrive/Doutorado/experimentos/Classificacao_Multilabel_Documentos_Cientificos/multilabel_code/dataset/binaries/53.json
Processing binary matrix for term size 54
Saving /home/jaimel/GoogleDrive/Doutorado/experimentos/Classificacao_Multilabel_Documentos_Cientificos/multilabel_code/dataset/binaries/54.json
Processing binary matrix for term size 55
Saving /home/jaimel/GoogleDrive/Doutorado/experimentos/Classificacao_Multilabel_Documentos_Cientificos/multilabel_code/dataset/binaries/55.json
Processing binary matrix for term size 56
Saving /home/jaimel/GoogleDrive/Doutorado/experimentos/Classificacao_Multilabel_Documentos_Cientificos/multilabel_code/dataset/binaries/56.json
Processing binary matrix for term size 57
Saving /home/jaimel/GoogleDrive/Doutorado/experimentos/Classificacao_Multilabel_Documentos_Cientificos/multilabel_code/dataset/binaries/57.json
Processing binary matrix for term size 58
Saving /home/jaimel/GoogleDrive/Doutorado/experimentos/Classificacao_Multilabel_Documentos_Cientificos/multilabel_code/dataset/binaries/58.json
Processing binary matrix for term size 59
Saving /home/jaimel/GoogleDrive/Doutorado/experimentos/Classificacao_Multilabel_Documentos_Cientificos/multilabel_code/dataset/binaries/59.json
Processing binary matrix for term size 60
Saving /home/jaimel/GoogleDrive/Doutorado/experimentos/Classificacao_Multilabel_Documentos_Cientificos/multilabel_code/dataset/binaries/60.json
Processing binary matrix for term size 61
Saving /home/jaimel/GoogleDrive/Doutorado/experimentos/Classificacao_Multilabel_Documentos_Cientificos/multilabel_code/dataset/binaries/61.json
Processing binary matrix for term size 62
Saving /home/jaimel/GoogleDrive/Doutorado/experimentos/Classificacao_Multilabel_Documentos_Cientificos/multilabel_code/dataset/binaries/62.json
Processing binary matrix for term size 63
Saving /home/jaimel/GoogleDrive/Doutorado/experimentos/Classificacao_Multilabel_Documentos_Cientificos/multilabel_code/dataset/binaries/63.json
Processing binary matrix for term size 64
Saving /home/jaimel/GoogleDrive/Doutorado/experimentos/Classificacao_Multilabel_Documentos_Cientificos/multilabel_code/dataset/binaries/64.json
Processo de binarização concluído (10 documentos)
